Determining if the pthread_create exist failed with the following output:
Change Dir: /home/roskinetic/Observation-learning-Real-world/catkin_workspace/build/cv_bridge/CMakeFiles/CMakeTmp

Run Build Command:"/usr/bin/make" "cmTC_ea0fc/fast"
/usr/bin/make -f CMakeFiles/cmTC_ea0fc.dir/build.make CMakeFiles/cmTC_ea0fc.dir/build
make[1]: Entering directory '/home/roskinetic/Observation-learning-Real-world/catkin_workspace/build/cv_bridge/CMakeFiles/CMakeTmp'
Building C object CMakeFiles/cmTC_ea0fc.dir/CheckSymbolExists.c.o
/usr/bin/cc     -o CMakeFiles/cmTC_ea0fc.dir/CheckSymbolExists.c.o   -c /home/roskinetic/Observation-learning-Real-world/catkin_workspace/build/cv_bridge/CMakeFiles/CMakeTmp/CheckSymbolExists.c
Linking C executable cmTC_ea0fc
/usr/bin/cmake -E cmake_link_script CMakeFiles/cmTC_ea0fc.dir/link.txt --verbose=1
/usr/bin/cc       CMakeFiles/cmTC_ea0fc.dir/CheckSymbolExists.c.o  -o cmTC_ea0fc -rdynamic 
CMakeFiles/cmTC_ea0fc.dir/CheckSymbolExists.c.o: In function `main':
CheckSymbolExists.c:(.text+0x16): undefined reference to `pthread_create'
collect2: error: ld returned 1 exit status
CMakeFiles/cmTC_ea0fc.dir/build.make:97: recipe for target 'cmTC_ea0fc' failed
make[1]: *** [cmTC_ea0fc] Error 1
make[1]: Leaving directory '/home/roskinetic/Observation-learning-Real-world/catkin_workspace/build/cv_bridge/CMakeFiles/CMakeTmp'
Makefile:126: recipe for target 'cmTC_ea0fc/fast' failed
make: *** [cmTC_ea0fc/fast] Error 2

File /home/roskinetic/Observation-learning-Real-world/catkin_workspace/build/cv_bridge/CMakeFiles/CMakeTmp/CheckSymbolExists.c:
/* */
#include <pthread.h>

int main(int argc, char** argv)
{
  (void)argv;
#ifndef pthread_create
  return ((int*)(&pthread_create))[argc];
#else
  (void)argc;
  return 0;
#endif
}

Determining if the function pthread_create exists in the pthreads failed with the following output:
Change Dir: /home/roskinetic/Observation-learning-Real-world/catkin_workspace/build/cv_bridge/CMakeFiles/CMakeTmp

Run Build Command:"/usr/bin/make" "cmTC_6c3eb/fast"
/usr/bin/make -f CMakeFiles/cmTC_6c3eb.dir/build.make CMakeFiles/cmTC_6c3eb.dir/build
make[1]: Entering directory '/home/roskinetic/Observation-learning-Real-world/catkin_workspace/build/cv_bridge/CMakeFiles/CMakeTmp'
Building C object CMakeFiles/cmTC_6c3eb.dir/CheckFunctionExists.c.o
/usr/bin/cc    -DCHECK_FUNCTION_EXISTS=pthread_create   -o CMakeFiles/cmTC_6c3eb.dir/CheckFunctionExists.c.o   -c /usr/share/cmake-3.5/Modules/CheckFunctionExists.c
Linking C executable cmTC_6c3eb
/usr/bin/cmake -E cmake_link_script CMakeFiles/cmTC_6c3eb.dir/link.txt --verbose=1
/usr/bin/cc   -DCHECK_FUNCTION_EXISTS=pthread_create    CMakeFiles/cmTC_6c3eb.dir/CheckFunctionExists.c.o  -o cmTC_6c3eb -rdynamic -lpthreads 
/usr/bin/ld: cannot find -lpthreads
collect2: error: ld returned 1 exit status
CMakeFiles/cmTC_6c3eb.dir/build.make:97: recipe for target 'cmTC_6c3eb' failed
make[1]: *** [cmTC_6c3eb] Error 1
make[1]: Leaving directory '/home/roskinetic/Observation-learning-Real-world/catkin_workspace/build/cv_bridge/CMakeFiles/CMakeTmp'
Makefile:126: recipe for target 'cmTC_6c3eb/fast' failed
make: *** [cmTC_6c3eb/fast] Error 2


